2015-04-30 08:59:12 [getArgs] Params: -disable
2015-04-30 08:59:12 [getArgs] Params: -n: Jason Saadatmand
2015-04-30 08:59:12 [getArgs] No Orgs Specified, orgs extracted from C:\ModifySFUser\Sandboxes\SandboxesW.txt file
2015-04-30 08:59:12 [setExtractionSOQL] extractionSOQL set to SELECT Id, Name, isActive, username FROM User WHERE Name like 'Jason Saadatmand%'
2015-04-30 08:59:12 [mainMethod] extraction username pointing to DEV08dpD04
2015-04-30 08:59:12 [callExportEXE] connecting to DEV08dpD04......
2015-04-30 08:59:25 [callExportEXE] connected to DEV08dpD04 and user list extracted
2015-04-30 08:59:25 [modifyUsers] CSV empty as none of the users in DEV08dpD04 were a match for the specified name 
2015-04-30 08:59:25 [mainMethod] extraction username pointing to dev11dSZ
2015-04-30 08:59:25 [callExportEXE] connecting to dev11dSZ......
2015-04-30 08:59:32 [callExportEXE] connected to dev11dSZ and user list extracted
2015-04-30 08:59:32 [modifyUsers] CSV empty as none of the users in dev11dSZ were a match for the specified name 
2015-04-30 08:59:32 [mainMethod] extraction username pointing to DEV14dCRM
2015-04-30 08:59:32 [callExportEXE] connecting to DEV14dCRM......
2015-04-30 08:59:41 [callExportEXE] connected to DEV14dCRM and user list extracted
2015-04-30 08:59:41 [modifyUsers] CSV empty as none of the users in DEV14dCRM were a match for the specified name 
2015-04-30 08:59:41 [mainMethod] extraction username pointing to DEV15dCRM
2015-04-30 08:59:41 [callExportEXE] connecting to DEV15dCRM......
2015-04-30 08:59:50 [callExportEXE] connected to DEV15dCRM and user list extracted
2015-04-30 08:59:50 [modifyUsers] CSV empty as none of the users in DEV15dCRM were a match for the specified name 
2015-04-30 08:59:50 [mainMethod] extraction username pointing to DEV15dpHFX
2015-04-30 08:59:50 [callExportEXE] connecting to DEV15dpHFX......
2015-04-30 09:00:03 [callExportEXE] connected to DEV15dpHFX and user list extracted
2015-04-30 09:00:03 [modifyUsers] CSV empty as none of the users in DEV15dpHFX were a match for the specified name 
2015-04-30 09:00:03 [mainMethod] extraction username pointing to DEV19dpSFA
2015-04-30 09:00:03 [callExportEXE] connecting to DEV19dpSFA......
2015-04-30 09:00:10 [callExportEXE] connected to DEV19dpSFA and user list extracted
2015-04-30 09:00:10 [modifyUsers] CSV empty as none of the users in DEV19dpSFA were a match for the specified name 
2015-04-30 09:00:10 [mainMethod] extraction username pointing to DEV21dpKB
2015-04-30 09:00:10 [callExportEXE] connecting to DEV21dpKB......
2015-04-30 09:00:18 [callExportEXE] connected to DEV21dpKB and user list extracted
2015-04-30 09:00:18 [modifyUsers] CSV empty as none of the users in DEV21dpKB were a match for the specified name 
2015-04-30 09:00:18 [mainMethod] extraction username pointing to DEV27dpTAB
2015-04-30 09:00:18 [callExportEXE] connecting to DEV27dpTAB......
2015-04-30 09:00:26 [callExportEXE] connected to DEV27dpTAB and user list extracted
2015-04-30 09:00:26 [modifyUsers] CSV empty as none of the users in DEV27dpTAB were a match for the specified name 
2015-04-30 09:00:26 [mainMethod] extraction username pointing to DEV38dpD04
2015-04-30 09:00:26 [callExportEXE] connecting to DEV38dpD04......
2015-04-30 09:00:39 [callExportEXE] connected to DEV38dpD04 and user list extracted
2015-04-30 09:00:39 [modifyUsers] CSV empty as none of the users in DEV38dpD04 were a match for the specified name 
2015-04-30 09:00:39 [mainMethod] extraction username pointing to DEV55dcoop
2015-04-30 09:00:39 [callExportEXE] connecting to DEV55dcoop......
2015-04-30 09:00:50 [callExportEXE] connected to DEV55dcoop and user list extracted
2015-04-30 09:00:50 [mainMethod] username for upload pointing to DEV55dcoop
2015-04-30 09:00:50 [callUpdateEXE] users being updated in DEV55dcoop.....
2015-04-30 09:00:53 [callUpdateEXE] connection error, couldn't update users in DEV55dcoop
