2015-04-30 10:52:05 [getArgs] Params: -enable
2015-04-30 10:52:05 [getArgs] Params: -n: Jason Saadatmand
2015-04-30 10:52:05 [getArgs] No Orgs Specified, orgs extracted from C:\ModifySFUser\Sandboxes\SandboxesW.txt file
2015-04-30 10:52:05 [setExtractionSOQL] extractionSOQL set to SELECT Id, Name, isActive, username FROM User WHERE Name like 'Jason Saadatmand%'
2015-04-30 10:52:05 [mainMethod] extraction username pointing to DEV08dpD04
2015-04-30 10:52:05 [callExportEXE] connecting to DEV08dpD04......
2015-04-30 10:52:18 [callExportEXE] connected to DEV08dpD04 and user list extracted
2015-04-30 10:52:18 [modifyUsers] CSV empty as none of the users in DEV08dpD04 were a match for the specified name 
2015-04-30 10:52:18 [mainMethod] extraction username pointing to dev11dSZ
2015-04-30 10:52:18 [callExportEXE] connecting to dev11dSZ......
2015-04-30 10:52:27 [callExportEXE] connected to dev11dSZ and user list extracted
2015-04-30 10:52:27 [modifyUsers] CSV empty as none of the users in dev11dSZ were a match for the specified name 
2015-04-30 10:52:27 [mainMethod] extraction username pointing to DEV14dCRM
2015-04-30 10:52:27 [callExportEXE] connecting to DEV14dCRM......
2015-04-30 10:52:38 [callExportEXE] connected to DEV14dCRM and user list extracted
2015-04-30 10:52:38 [modifyUsers] CSV empty as none of the users in DEV14dCRM were a match for the specified name 
2015-04-30 10:52:38 [mainMethod] extraction username pointing to DEV15dCRM
2015-04-30 10:52:38 [callExportEXE] connecting to DEV15dCRM......
2015-04-30 10:52:47 [callExportEXE] connected to DEV15dCRM and user list extracted
2015-04-30 10:52:47 [modifyUsers] CSV empty as none of the users in DEV15dCRM were a match for the specified name 
2015-04-30 10:52:47 [mainMethod] extraction username pointing to DEV15dpHFX
2015-04-30 10:52:47 [callExportEXE] connecting to DEV15dpHFX......
2015-04-30 10:53:00 [callExportEXE] connected to DEV15dpHFX and user list extracted
2015-04-30 10:53:01 [modifyUsers] CSV empty as none of the users in DEV15dpHFX were a match for the specified name 
2015-04-30 10:53:01 [mainMethod] extraction username pointing to DEV19dpSFA
2015-04-30 10:53:01 [callExportEXE] connecting to DEV19dpSFA......
2015-04-30 10:53:12 [callExportEXE] connected to DEV19dpSFA and user list extracted
2015-04-30 10:53:12 [modifyUsers] CSV empty as none of the users in DEV19dpSFA were a match for the specified name 
2015-04-30 10:53:12 [mainMethod] extraction username pointing to DEV21dpKB
2015-04-30 10:53:12 [callExportEXE] connecting to DEV21dpKB......
2015-04-30 10:53:23 [callExportEXE] connected to DEV21dpKB and user list extracted
2015-04-30 10:53:23 [modifyUsers] CSV empty as none of the users in DEV21dpKB were a match for the specified name 
2015-04-30 10:53:23 [mainMethod] extraction username pointing to DEV27dpTAB
2015-04-30 10:53:23 [callExportEXE] connecting to DEV27dpTAB......
2015-04-30 10:53:32 [callExportEXE] connected to DEV27dpTAB and user list extracted
2015-04-30 10:53:32 [modifyUsers] CSV empty as none of the users in DEV27dpTAB were a match for the specified name 
2015-04-30 10:53:32 [mainMethod] extraction username pointing to DEV38dpD04
2015-04-30 10:53:32 [callExportEXE] connecting to DEV38dpD04......
2015-04-30 10:53:46 [callExportEXE] connected to DEV38dpD04 and user list extracted
2015-04-30 10:53:47 [modifyUsers] CSV empty as none of the users in DEV38dpD04 were a match for the specified name 
2015-04-30 10:53:47 [mainMethod] extraction username pointing to DEV55dcoop
2015-04-30 10:53:47 [callExportEXE] connecting to DEV55dcoop......
2015-04-30 10:53:59 [callExportEXE] connected to DEV55dcoop and user list extracted
2015-04-30 10:53:59 [mainMethod] username for upload pointing to DEV55dcoop
2015-04-30 10:53:59 [callUpdateEXE] users being updated in DEV55dcoop.....
2015-04-30 10:54:02 [callUpdateEXE] connection error, couldn't update users in DEV55dcoop
2015-04-30 10:54:02 [mainMethod] extraction username pointing to dev70dSTPT
2015-04-30 10:54:02 [callExportEXE] connecting to dev70dSTPT......
2015-04-30 10:54:13 [callExportEXE] connected to dev70dSTPT and user list extracted
2015-04-30 10:54:13 [modifyUsers] CSV empty as none of the users in dev70dSTPT were a match for the specified name 
2015-04-30 10:54:13 [mainMethod] extraction username pointing to DEV8cRJSAM
2015-04-30 10:54:13 [callExportEXE] connecting to DEV8cRJSAM......
2015-04-30 10:54:24 [callExportEXE] connected to DEV8cRJSAM and user list extracted
2015-04-30 10:54:24 [modifyUsers] CSV empty as none of the users in DEV8cRJSAM were a match for the specified name 
2015-04-30 10:54:24 [mainMethod] extraction username pointing to MERG02dp
2015-04-30 10:54:24 [callExportEXE] connecting to MERG02dp......
2015-04-30 10:54:40 [callExportEXE] connected to MERG02dp and user list extracted
2015-04-30 10:54:40 [modifyUsers] CSV empty as none of the users in MERG02dp were a match for the specified name 
2015-04-30 10:54:40 [mainMethod] extraction username pointing to TEST03F
2015-04-30 10:54:40 [callExportEXE] connecting to TEST03F......
2015-04-30 10:54:51 [callExportEXE] connected to TEST03F and user list extracted
2015-04-30 10:54:51 [modifyUsers] CSV empty as none of the users in TEST03F were a match for the specified name 
2015-04-30 10:54:51 [mainMethod] extraction username pointing to TRN01dp
2015-04-30 10:54:51 [callExportEXE] connecting to TRN01dp......
2015-04-30 10:55:00 [callExportEXE] connected to TRN01dp and user list extracted
2015-04-30 10:55:00 [mainMethod] username for upload pointing to TRN01dp
2015-04-30 10:55:00 [callUpdateEXE] users being updated in TRN01dp.....
2015-04-30 10:55:03 [callUpdateEXE] connection error, couldn't update users in TRN01dp
2015-04-30 10:55:03 [mainMethod] extraction username pointing to DEV08dpD04
2015-04-30 10:55:03 [callExportEXE] connecting to DEV08dpD04......
2015-04-30 10:55:14 [callExportEXE] connected to DEV08dpD04 and user list extracted
2015-04-30 10:55:14 [modifyUsers] CSV empty as none of the users in DEV08dpD04 were a match for the specified name 
2015-04-30 10:55:14 [mainMethod] extraction username pointing to dev11dSZ
2015-04-30 10:55:14 [callExportEXE] connecting to dev11dSZ......
2015-04-30 10:55:24 [callExportEXE] connected to dev11dSZ and user list extracted
2015-04-30 10:55:24 [modifyUsers] CSV empty as none of the users in dev11dSZ were a match for the specified name 
2015-04-30 10:55:24 [mainMethod] extraction username pointing to DEV14dCRM
2015-04-30 10:55:24 [callExportEXE] connecting to DEV14dCRM......
2015-04-30 10:55:37 [callExportEXE] connected to DEV14dCRM and user list extracted
2015-04-30 10:55:37 [modifyUsers] CSV empty as none of the users in DEV14dCRM were a match for the specified name 
2015-04-30 10:55:37 [mainMethod] extraction username pointing to DEV15dCRM
2015-04-30 10:55:37 [callExportEXE] connecting to DEV15dCRM......
2015-04-30 10:55:47 [callExportEXE] connected to DEV15dCRM and user list extracted
2015-04-30 10:55:47 [modifyUsers] CSV empty as none of the users in DEV15dCRM were a match for the specified name 
2015-04-30 10:55:47 [mainMethod] extraction username pointing to DEV15dpHFX
2015-04-30 10:55:47 [callExportEXE] connecting to DEV15dpHFX......
2015-04-30 10:55:58 [callExportEXE] connected to DEV15dpHFX and user list extracted
2015-04-30 10:55:58 [modifyUsers] CSV empty as none of the users in DEV15dpHFX were a match for the specified name 
2015-04-30 10:55:58 [mainMethod] extraction username pointing to DEV19dpSFA
2015-04-30 10:55:58 [callExportEXE] connecting to DEV19dpSFA......
2015-04-30 10:56:11 [callExportEXE] connected to DEV19dpSFA and user list extracted
2015-04-30 10:56:11 [modifyUsers] CSV empty as none of the users in DEV19dpSFA were a match for the specified name 
2015-04-30 10:56:11 [mainMethod] extraction username pointing to DEV21dpKB
2015-04-30 10:56:11 [callExportEXE] connecting to DEV21dpKB......
2015-04-30 10:56:20 [callExportEXE] connected to DEV21dpKB and user list extracted
2015-04-30 10:56:20 [modifyUsers] CSV empty as none of the users in DEV21dpKB were a match for the specified name 
2015-04-30 10:56:20 [mainMethod] extraction username pointing to DEV27dpTAB
2015-04-30 10:56:20 [callExportEXE] connecting to DEV27dpTAB......
2015-04-30 10:56:31 [callExportEXE] connected to DEV27dpTAB and user list extracted
2015-04-30 10:56:31 [modifyUsers] CSV empty as none of the users in DEV27dpTAB were a match for the specified name 
2015-04-30 10:56:31 [mainMethod] extraction username pointing to DEV38dpD04
2015-04-30 10:56:31 [callExportEXE] connecting to DEV38dpD04......
2015-04-30 10:56:46 [callExportEXE] connected to DEV38dpD04 and user list extracted
2015-04-30 10:56:46 [modifyUsers] CSV empty as none of the users in DEV38dpD04 were a match for the specified name 
2015-04-30 10:56:46 [mainMethod] extraction username pointing to DEV55dcoop
2015-04-30 10:56:46 [callExportEXE] connecting to DEV55dcoop......
2015-04-30 10:56:55 [callExportEXE] connected to DEV55dcoop and user list extracted
2015-04-30 10:56:55 [mainMethod] username for upload pointing to DEV55dcoop
2015-04-30 10:56:55 [callUpdateEXE] users being updated in DEV55dcoop.....
2015-04-30 10:56:57 [callUpdateEXE] connection error, couldn't update users in DEV55dcoop
2015-04-30 10:56:57 [mainMethod] extraction username pointing to dev70dSTPT
2015-04-30 10:56:57 [callExportEXE] connecting to dev70dSTPT......
2015-04-30 10:57:11 [callExportEXE] connected to dev70dSTPT and user list extracted
2015-04-30 10:57:11 [modifyUsers] CSV empty as none of the users in dev70dSTPT were a match for the specified name 
2015-04-30 10:57:11 [mainMethod] extraction username pointing to DEV8cRJSAM
2015-04-30 10:57:11 [callExportEXE] connecting to DEV8cRJSAM......
2015-04-30 10:57:27 [callExportEXE] connected to DEV8cRJSAM and user list extracted
2015-04-30 10:57:27 [modifyUsers] CSV empty as none of the users in DEV8cRJSAM were a match for the specified name 
2015-04-30 10:57:27 [mainMethod] extraction username pointing to MERG02dp
2015-04-30 10:57:27 [callExportEXE] connecting to MERG02dp......
2015-04-30 10:57:44 [callExportEXE] connected to MERG02dp and user list extracted
2015-04-30 10:57:44 [modifyUsers] CSV empty as none of the users in MERG02dp were a match for the specified name 
2015-04-30 10:57:44 [mainMethod] extraction username pointing to TEST03F
2015-04-30 10:57:44 [callExportEXE] connecting to TEST03F......
2015-04-30 10:57:56 [callExportEXE] connected to TEST03F and user list extracted
2015-04-30 10:57:56 [modifyUsers] CSV empty as none of the users in TEST03F were a match for the specified name 
2015-04-30 10:57:56 [mainMethod] extraction username pointing to TRN01dp
2015-04-30 10:57:56 [callExportEXE] connecting to TRN01dp......
2015-04-30 10:58:06 [callExportEXE] connected to TRN01dp and user list extracted
2015-04-30 10:58:06 [mainMethod] username for upload pointing to TRN01dp
2015-04-30 10:58:06 [callUpdateEXE] users being updated in TRN01dp.....
2015-04-30 10:58:09 [callUpdateEXE] connection error, couldn't update users in TRN01dp
