2015-04-30 08:42:47 [getArgs] Params: -disable
2015-04-30 08:42:47 [getArgs] Params: -n: Jason Saadatmand
2015-04-30 08:42:47 [getArgs] No Orgs Specified, orgs extracted from C:\ModifySFUser\Sandboxes\Sandboxes.txt file
2015-04-30 08:42:48 [setExtractionSOQL] extractionSOQL set to SELECT Id, Name, isActive, username FROM User WHERE Name like 'Jason Saadatmand%'
2015-04-30 08:42:48 [mainMethod] extraction username pointing to DEV06dp
2015-04-30 08:42:48 [callExportEXE] connecting to DEV06dp......
2015-04-30 08:43:07 [callExportEXE] connected to DEV06dp and user list extracted
2015-04-30 08:43:07 [modifyUsers] CSV empty as none of the users in DEV06dp were a match for the specified name 
2015-04-30 08:43:07 [mainMethod] extraction username pointing to DEV08dpD04
2015-04-30 08:43:07 [callExportEXE] connecting to DEV08dpD04......
2015-04-30 08:43:27 [callExportEXE] connected to DEV08dpD04 and user list extracted
2015-04-30 08:43:27 [modifyUsers] CSV empty as none of the users in DEV08dpD04 were a match for the specified name 
2015-04-30 08:43:27 [mainMethod] extraction username pointing to DEV09dpINT
2015-04-30 08:43:27 [callExportEXE] connecting to DEV09dpINT......
2015-04-30 08:43:30 [callExportEXE] Unable to connect to org DEV09dpINT
2015-04-30 08:43:30 [mainMethod] extraction username pointing to dev11dSZ
2015-04-30 08:43:30 [callExportEXE] connecting to dev11dSZ......
2015-04-30 08:43:47 [callExportEXE] connected to dev11dSZ and user list extracted
2015-04-30 08:43:47 [modifyUsers] CSV empty as none of the users in dev11dSZ were a match for the specified name 
2015-04-30 08:43:47 [mainMethod] extraction username pointing to DEV14dCRM
2015-04-30 08:43:47 [callExportEXE] connecting to DEV14dCRM......
2015-04-30 08:44:07 [callExportEXE] connected to DEV14dCRM and user list extracted
2015-04-30 08:44:07 [modifyUsers] CSV empty as none of the users in DEV14dCRM were a match for the specified name 
2015-04-30 08:44:07 [mainMethod] extraction username pointing to DEV15dCRM
2015-04-30 08:44:07 [callExportEXE] connecting to DEV15dCRM......
2015-04-30 08:44:21 [callExportEXE] connected to DEV15dCRM and user list extracted
2015-04-30 08:44:21 [modifyUsers] CSV empty as none of the users in DEV15dCRM were a match for the specified name 
2015-04-30 08:44:21 [mainMethod] extraction username pointing to DEV19dpSFA
2015-04-30 08:44:21 [callExportEXE] connecting to DEV19dpSFA......
2015-04-30 08:44:41 [callExportEXE] connected to DEV19dpSFA and user list extracted
2015-04-30 08:44:41 [modifyUsers] CSV empty as none of the users in DEV19dpSFA were a match for the specified name 
2015-04-30 08:44:41 [mainMethod] extraction username pointing to DEV20dpENH
2015-04-30 08:44:41 [callExportEXE] connecting to DEV20dpENH......
2015-04-30 08:44:44 [callExportEXE] Unable to connect to org DEV20dpENH
2015-04-30 08:44:44 [mainMethod] extraction username pointing to DEV21dpKB
2015-04-30 08:44:44 [callExportEXE] connecting to DEV21dpKB......
2015-04-30 08:45:12 [callExportEXE] connected to DEV21dpKB and user list extracted
2015-04-30 08:45:12 [modifyUsers] CSV empty as none of the users in DEV21dpKB were a match for the specified name 
2015-04-30 08:45:12 [mainMethod] extraction username pointing to DEV25dAS
2015-04-30 08:45:12 [callExportEXE] connecting to DEV25dAS......
2015-04-30 08:45:14 [callExportEXE] Unable to connect to org DEV25dAS
2015-04-30 08:45:15 [mainMethod] extraction username pointing to DEV27dpTAB
2015-04-30 08:45:15 [callExportEXE] connecting to DEV27dpTAB......
2015-04-30 08:46:00 [callExportEXE] connected to DEV27dpTAB and user list extracted
2015-04-30 08:46:00 [modifyUsers] CSV empty as none of the users in DEV27dpTAB were a match for the specified name 
2015-04-30 08:46:00 [mainMethod] extraction username pointing to DEV37dpD04
2015-04-30 08:46:00 [callExportEXE] connecting to DEV37dpD04......
2015-04-30 08:46:16 [callExportEXE] connected to DEV37dpD04 and user list extracted
2015-04-30 08:46:16 [modifyUsers] CSV empty as none of the users in DEV37dpD04 were a match for the specified name 
2015-04-30 08:46:16 [mainMethod] extraction username pointing to DEV38dpD04
2015-04-30 08:46:16 [callExportEXE] connecting to DEV38dpD04......
2015-04-30 08:46:44 [callExportEXE] connected to DEV38dpD04 and user list extracted
2015-04-30 08:46:44 [modifyUsers] CSV empty as none of the users in DEV38dpD04 were a match for the specified name 
2015-04-30 08:46:44 [mainMethod] extraction username pointing to DEV4dAR
2015-04-30 08:46:44 [callExportEXE] connecting to DEV4dAR......
2015-04-30 08:46:47 [callExportEXE] Unable to connect to org DEV4dAR
2015-04-30 08:46:47 [mainMethod] extraction username pointing to DEV55dcoop
2015-04-30 08:46:47 [callExportEXE] connecting to DEV55dcoop......
2015-04-30 08:47:03 [callExportEXE] connected to DEV55dcoop and user list extracted
2015-04-30 08:47:03 [mainMethod] username for upload pointing to DEV55dcoop
2015-04-30 08:47:03 [callUpdateEXE] users being updated in DEV55dcoop.....
2015-04-30 08:47:07 [callUpdateEXE] connection error, couldn't update users in DEV55dcoop
2015-04-30 08:47:072015-04-30 08:47:03 [modifyUsers] Already disabled: sfdcadminjsaadatmand@rbauction.com.dev55dcoop
2015-04-30 08:47:07 [mainMethod] extraction username pointing to dev70dSTPT
2015-04-30 08:47:07 [callExportEXE] connecting to dev70dSTPT......
2015-04-30 08:47:23 [callExportEXE] connected to dev70dSTPT and user list extracted
2015-04-30 08:47:23 [modifyUsers] CSV empty as none of the users in dev70dSTPT were a match for the specified name 
2015-04-30 08:47:24 [mainMethod] extraction username pointing to DEV71dDF
2015-04-30 08:47:24 [callExportEXE] connecting to DEV71dDF......
2015-04-30 08:47:26 [callExportEXE] Unable to connect to org DEV71dDF
2015-04-30 08:47:26 [mainMethod] extraction username pointing to dev72ddf
2015-04-30 08:47:26 [callExportEXE] connecting to dev72ddf......
2015-04-30 08:47:28 [callExportEXE] Unable to connect to org dev72ddf
2015-04-30 08:47:28 [mainMethod] extraction username pointing to DEV7cSAM
2015-04-30 08:47:28 [callExportEXE] connecting to DEV7cSAM......
2015-04-30 08:47:31 [callExportEXE] Unable to connect to org DEV7cSAM
2015-04-30 08:47:31 [mainMethod] extraction username pointing to DEV8cRJSAM
2015-04-30 08:47:31 [callExportEXE] connecting to DEV8cRJSAM......
2015-04-30 08:47:38 [callExportEXE] connected to DEV8cRJSAM and user list extracted
2015-04-30 08:47:38 [modifyUsers] CSV empty as none of the users in DEV8cRJSAM were a match for the specified name 
2015-04-30 08:47:38 [mainMethod] extraction username pointing to MERG02dp
2015-04-30 08:47:38 [callExportEXE] connecting to MERG02dp......
2015-04-30 08:47:49 [callExportEXE] connected to MERG02dp and user list extracted
2015-04-30 08:47:49 [modifyUsers] CSV empty as none of the users in MERG02dp were a match for the specified name 
2015-04-30 08:47:49 [mainMethod] extraction username pointing to MERG08dp
2015-04-30 08:47:49 [callExportEXE] connecting to MERG08dp......
2015-04-30 08:48:03 [callExportEXE] connected to MERG08dp and user list extracted
2015-04-30 08:48:03 [modifyUsers] CSV empty as none of the users in MERG08dp were a match for the specified name 
2015-04-30 08:48:03 [mainMethod] extraction username pointing to MERG09dp
2015-04-30 08:48:03 [callExportEXE] connecting to MERG09dp......
2015-04-30 08:48:17 [callExportEXE] connected to MERG09dp and user list extracted
2015-04-30 08:48:17 [modifyUsers] CSV empty as none of the users in MERG09dp were a match for the specified name 
2015-04-30 08:48:17 [mainMethod] extraction username pointing to TEST03f
2015-04-30 08:48:17 [callExportEXE] connecting to TEST03f......
2015-04-30 08:48:31 [callExportEXE] connected to TEST03f and user list extracted
2015-04-30 08:48:31 [modifyUsers] CSV empty as none of the users in TEST03f were a match for the specified name 
2015-04-30 08:48:31 [mainMethod] extraction username pointing to TEST04F
2015-04-30 08:48:31 [callExportEXE] connecting to TEST04F......
2015-04-30 08:48:33 [callExportEXE] Unable to connect to org TEST04F
2015-04-30 08:48:33 [mainMethod] extraction username pointing to TEST05F
2015-04-30 08:48:33 [callExportEXE] connecting to TEST05F......
2015-04-30 08:48:49 [callExportEXE] connected to TEST05F and user list extracted
2015-04-30 08:48:49 [modifyUsers] CSV empty as none of the users in TEST05F were a match for the specified name 
2015-04-30 08:48:49 [mainMethod] extraction username pointing to TRN01dp
2015-04-30 08:48:49 [callExportEXE] connecting to TRN01dp......
2015-04-30 08:49:02 [callExportEXE] connected to TRN01dp and user list extracted
2015-04-30 08:49:02 [mainMethod] username for upload pointing to TRN01dp
2015-04-30 08:49:02 [callUpdateEXE] users being updated in TRN01dp.....
2015-04-30 08:49:04 [callUpdateEXE] connection error, couldn't update users in TRN01dp
2015-04-30 08:49:042015-04-30 08:49:02 [modifyUsers] Already disabled: sfdcadminjsaadatmand@rbauction.com.trn01dp
2015-04-30 08:49:04 [mainMethod] extraction username pointing to UAT04F
2015-04-30 08:49:04 [callExportEXE] connecting to UAT04F......
2015-04-30 08:49:10 [callExportEXE] Unable to connect to org UAT04F
2015-04-30 08:49:10 [mainMethod] extraction username pointing to merg13dp
2015-04-30 08:49:10 [callExportEXE] connecting to merg13dp......
2015-04-30 08:49:22 [callExportEXE] connected to merg13dp and user list extracted
2015-04-30 08:49:22 [modifyUsers] CSV empty as none of the users in merg13dp were a match for the specified name 
2015-04-30 08:49:22 [mainMethod] extraction username pointing to 
2015-04-30 08:49:22 [callExportEXE] connecting to ......
2015-04-30 08:49:27 [callExportEXE] Unable to connect to org 
2015-04-30 08:49:27 [mainMethod] extraction username pointing to MERG14dp
2015-04-30 08:49:27 [callExportEXE] connecting to MERG14dp......
2015-04-30 08:49:41 [callExportEXE] connected to MERG14dp and user list extracted
2015-04-30 08:49:41 [modifyUsers] CSV empty as none of the users in MERG14dp were a match for the specified name 
