2015-04-30 11:14:37 [getArgs] Params: -enable
2015-04-30 11:14:37 [getArgs] Params: -n: Jason Saadatmand
2015-04-30 11:14:37 [getArgs] No Orgs Specified, orgs extracted from C:\ModifySFUser\Sandboxes\SandboxesW.txt file
2015-04-30 11:14:37 [setExtractionSOQL] extractionSOQL set to SELECT Id, Name, isActive, username FROM User WHERE Name like 'Jason Saadatmand%'
2015-04-30 11:14:37 [mainMethod] extraction username pointing to DEV08dpD04
2015-04-30 11:14:37 [callExportEXE] connecting to DEV08dpD04......
2015-04-30 11:14:53 [callExportEXE] connected to DEV08dpD04 and user list extracted
2015-04-30 11:14:53 [modifyUsers] CSV empty as none of the users in DEV08dpD04 were a match for the specified name 
2015-04-30 11:14:53 [mainMethod] extraction username pointing to dev11dSZ
2015-04-30 11:14:53 [callExportEXE] connecting to dev11dSZ......
2015-04-30 11:15:05 [callExportEXE] connected to dev11dSZ and user list extracted
2015-04-30 11:15:05 [modifyUsers] CSV empty as none of the users in dev11dSZ were a match for the specified name 
2015-04-30 11:15:05 [mainMethod] extraction username pointing to DEV14dCRM
2015-04-30 11:15:05 [callExportEXE] connecting to DEV14dCRM......
2015-04-30 11:15:19 [callExportEXE] connected to DEV14dCRM and user list extracted
2015-04-30 11:15:19 [modifyUsers] CSV empty as none of the users in DEV14dCRM were a match for the specified name 
2015-04-30 11:15:19 [mainMethod] extraction username pointing to DEV15dCRM
2015-04-30 11:15:19 [callExportEXE] connecting to DEV15dCRM......
2015-04-30 11:15:33 [callExportEXE] connected to DEV15dCRM and user list extracted
2015-04-30 11:15:33 [modifyUsers] CSV empty as none of the users in DEV15dCRM were a match for the specified name 
2015-04-30 11:15:33 [mainMethod] extraction username pointing to DEV15dpHFX
2015-04-30 11:15:33 [callExportEXE] connecting to DEV15dpHFX......
2015-04-30 11:15:45 [callExportEXE] connected to DEV15dpHFX and user list extracted
2015-04-30 11:15:45 [modifyUsers] CSV empty as none of the users in DEV15dpHFX were a match for the specified name 
2015-04-30 11:15:45 [mainMethod] extraction username pointing to DEV19dpSFA
2015-04-30 11:15:45 [callExportEXE] connecting to DEV19dpSFA......
2015-04-30 11:15:59 [callExportEXE] connected to DEV19dpSFA and user list extracted
2015-04-30 11:15:59 [modifyUsers] CSV empty as none of the users in DEV19dpSFA were a match for the specified name 
2015-04-30 11:15:59 [mainMethod] extraction username pointing to DEV21dpKB
2015-04-30 11:15:59 [callExportEXE] connecting to DEV21dpKB......
2015-04-30 11:16:14 [callExportEXE] connected to DEV21dpKB and user list extracted
2015-04-30 11:16:14 [modifyUsers] CSV empty as none of the users in DEV21dpKB were a match for the specified name 
2015-04-30 11:16:14 [mainMethod] extraction username pointing to DEV27dpTAB
2015-04-30 11:16:14 [callExportEXE] connecting to DEV27dpTAB......
2015-04-30 11:16:31 [callExportEXE] connected to DEV27dpTAB and user list extracted
2015-04-30 11:16:31 [modifyUsers] CSV empty as none of the users in DEV27dpTAB were a match for the specified name 
2015-04-30 11:16:31 [mainMethod] extraction username pointing to DEV38dpD04
2015-04-30 11:16:31 [callExportEXE] connecting to DEV38dpD04......
2015-04-30 11:16:47 [callExportEXE] connected to DEV38dpD04 and user list extracted
2015-04-30 11:16:47 [modifyUsers] CSV empty as none of the users in DEV38dpD04 were a match for the specified name 
2015-04-30 11:16:47 [mainMethod] extraction username pointing to DEV55dcoop
2015-04-30 11:16:47 [callExportEXE] connecting to DEV55dcoop......
2015-04-30 11:17:02 [callExportEXE] connected to DEV55dcoop and user list extracted
2015-04-30 11:17:02 [mainMethod] username for upload pointing to DEV55dcoop
2015-04-30 11:17:02 [callUpdateEXE] users being updated in DEV55dcoop.....
2015-04-30 11:17:05 [callUpdateEXE] connection error, couldn't update users in DEV55dcoop
2015-04-30 11:17:05 [mainMethod] extraction username pointing to dev70dSTPT
2015-04-30 11:17:05 [callExportEXE] connecting to dev70dSTPT......
2015-04-30 11:17:16 [callExportEXE] connected to dev70dSTPT and user list extracted
2015-04-30 11:17:16 [modifyUsers] CSV empty as none of the users in dev70dSTPT were a match for the specified name 
2015-04-30 11:17:16 [mainMethod] extraction username pointing to DEV8cRJSAM
2015-04-30 11:17:16 [callExportEXE] connecting to DEV8cRJSAM......
2015-04-30 11:17:33 [callExportEXE] connected to DEV8cRJSAM and user list extracted
2015-04-30 11:17:33 [modifyUsers] CSV empty as none of the users in DEV8cRJSAM were a match for the specified name 
2015-04-30 11:17:33 [mainMethod] extraction username pointing to MERG02dp
2015-04-30 11:17:33 [callExportEXE] connecting to MERG02dp......
2015-04-30 11:17:48 [callExportEXE] connected to MERG02dp and user list extracted
2015-04-30 11:17:48 [modifyUsers] CSV empty as none of the users in MERG02dp were a match for the specified name 
2015-04-30 11:17:48 [mainMethod] extraction username pointing to TEST03F
2015-04-30 11:17:48 [callExportEXE] connecting to TEST03F......
2015-04-30 11:18:02 [callExportEXE] connected to TEST03F and user list extracted
2015-04-30 11:18:02 [modifyUsers] CSV empty as none of the users in TEST03F were a match for the specified name 
2015-04-30 11:18:02 [mainMethod] extraction username pointing to TRN01dp
2015-04-30 11:18:02 [callExportEXE] connecting to TRN01dp......
2015-04-30 11:18:15 [callExportEXE] connected to TRN01dp and user list extracted
2015-04-30 11:18:15 [mainMethod] username for upload pointing to TRN01dp
2015-04-30 11:18:15 [callUpdateEXE] users being updated in TRN01dp.....
2015-04-30 11:18:18 [callUpdateEXE] connection error, couldn't update users in TRN01dp
2015-04-30 11:18:18 [mainMethod] extraction username pointing to DEV08dpD04
2015-04-30 11:18:18 [callExportEXE] connecting to DEV08dpD04......
2015-04-30 11:18:38 [callExportEXE] connected to DEV08dpD04 and user list extracted
2015-04-30 11:18:38 [modifyUsers] CSV empty as none of the users in DEV08dpD04 were a match for the specified name 
2015-04-30 11:18:38 [mainMethod] extraction username pointing to dev11dSZ
2015-04-30 11:18:38 [callExportEXE] connecting to dev11dSZ......
2015-04-30 11:18:52 [callExportEXE] connected to dev11dSZ and user list extracted
2015-04-30 11:18:52 [modifyUsers] CSV empty as none of the users in dev11dSZ were a match for the specified name 
2015-04-30 11:18:52 [mainMethod] extraction username pointing to DEV14dCRM
2015-04-30 11:18:52 [callExportEXE] connecting to DEV14dCRM......
2015-04-30 11:19:04 [callExportEXE] connected to DEV14dCRM and user list extracted
2015-04-30 11:19:04 [modifyUsers] CSV empty as none of the users in DEV14dCRM were a match for the specified name 
2015-04-30 11:19:04 [mainMethod] extraction username pointing to DEV15dCRM
2015-04-30 11:19:04 [callExportEXE] connecting to DEV15dCRM......
2015-04-30 11:19:14 [callExportEXE] connected to DEV15dCRM and user list extracted
2015-04-30 11:19:14 [modifyUsers] CSV empty as none of the users in DEV15dCRM were a match for the specified name 
2015-04-30 11:19:14 [mainMethod] extraction username pointing to DEV15dpHFX
2015-04-30 11:19:14 [callExportEXE] connecting to DEV15dpHFX......
2015-04-30 11:19:28 [callExportEXE] connected to DEV15dpHFX and user list extracted
2015-04-30 11:19:28 [modifyUsers] CSV empty as none of the users in DEV15dpHFX were a match for the specified name 
2015-04-30 11:19:28 [mainMethod] extraction username pointing to DEV19dpSFA
2015-04-30 11:19:28 [callExportEXE] connecting to DEV19dpSFA......
2015-04-30 11:19:40 [callExportEXE] connected to DEV19dpSFA and user list extracted
2015-04-30 11:19:40 [modifyUsers] CSV empty as none of the users in DEV19dpSFA were a match for the specified name 
2015-04-30 11:19:40 [mainMethod] extraction username pointing to DEV21dpKB
2015-04-30 11:19:40 [callExportEXE] connecting to DEV21dpKB......
2015-04-30 11:19:51 [callExportEXE] connected to DEV21dpKB and user list extracted
2015-04-30 11:19:51 [modifyUsers] CSV empty as none of the users in DEV21dpKB were a match for the specified name 
2015-04-30 11:19:51 [mainMethod] extraction username pointing to DEV27dpTAB
2015-04-30 11:19:51 [callExportEXE] connecting to DEV27dpTAB......
2015-04-30 11:20:04 [callExportEXE] connected to DEV27dpTAB and user list extracted
2015-04-30 11:20:04 [modifyUsers] CSV empty as none of the users in DEV27dpTAB were a match for the specified name 
2015-04-30 11:20:04 [mainMethod] extraction username pointing to DEV38dpD04
2015-04-30 11:20:04 [callExportEXE] connecting to DEV38dpD04......
2015-04-30 11:20:18 [callExportEXE] connected to DEV38dpD04 and user list extracted
2015-04-30 11:20:18 [modifyUsers] CSV empty as none of the users in DEV38dpD04 were a match for the specified name 
2015-04-30 11:20:18 [mainMethod] extraction username pointing to DEV55dcoop
2015-04-30 11:20:18 [callExportEXE] connecting to DEV55dcoop......
2015-04-30 11:20:33 [callExportEXE] connected to DEV55dcoop and user list extracted
2015-04-30 11:20:33 [mainMethod] username for upload pointing to DEV55dcoop
2015-04-30 11:20:33 [callUpdateEXE] users being updated in DEV55dcoop.....
2015-04-30 11:20:36 [callUpdateEXE] connection error, couldn't update users in DEV55dcoop
2015-04-30 11:20:36 [mainMethod] extraction username pointing to dev70dSTPT
2015-04-30 11:20:36 [callExportEXE] connecting to dev70dSTPT......
2015-04-30 11:20:48 [callExportEXE] connected to dev70dSTPT and user list extracted
2015-04-30 11:20:48 [modifyUsers] CSV empty as none of the users in dev70dSTPT were a match for the specified name 
2015-04-30 11:20:48 [mainMethod] extraction username pointing to DEV8cRJSAM
2015-04-30 11:20:48 [callExportEXE] connecting to DEV8cRJSAM......
2015-04-30 11:21:02 [callExportEXE] connected to DEV8cRJSAM and user list extracted
2015-04-30 11:21:02 [modifyUsers] CSV empty as none of the users in DEV8cRJSAM were a match for the specified name 
2015-04-30 11:21:02 [mainMethod] extraction username pointing to MERG02dp
2015-04-30 11:21:02 [callExportEXE] connecting to MERG02dp......
2015-04-30 11:21:14 [callExportEXE] connected to MERG02dp and user list extracted
2015-04-30 11:21:14 [modifyUsers] CSV empty as none of the users in MERG02dp were a match for the specified name 
2015-04-30 11:21:14 [mainMethod] extraction username pointing to TEST03F
2015-04-30 11:21:14 [callExportEXE] connecting to TEST03F......
2015-04-30 11:21:28 [callExportEXE] connected to TEST03F and user list extracted
2015-04-30 11:21:28 [modifyUsers] CSV empty as none of the users in TEST03F were a match for the specified name 
2015-04-30 11:21:28 [mainMethod] extraction username pointing to TRN01dp
2015-04-30 11:21:28 [callExportEXE] connecting to TRN01dp......
2015-04-30 11:21:45 [callExportEXE] connected to TRN01dp and user list extracted
2015-04-30 11:21:45 [mainMethod] username for upload pointing to TRN01dp
2015-04-30 11:21:45 [callUpdateEXE] users being updated in TRN01dp.....
2015-04-30 11:21:48 [callUpdateEXE] connection error, couldn't update users in TRN01dp
